# JRE version: OpenJDK Runtime Environment (17.0.10) (build 17.0.10+0--11572160)
# Java VM: OpenJDK 64-Bit Server VM (17.0.10+0--11572160, mixed mode, tiered, compressed oops, compressed class ptrs, g1 gc, windows-amd64)
GC Precious Log:
 CPUs: 8 total, 8 available
 Memory: 8133M
 Large Page Support: Disabled
 NUMA Support: Disabled
 Compressed Oops: Enabled (Zero based)
 Heap Region Size: 2M
 Heap Min Capacity: 8M
 Heap Initial Capacity: 128M
 Heap Max Capacity: 4G
 Pre-touch: Disabled
 Parallel Workers: 8
 Concurrent Workers: 2
 Concurrent Refinement Workers: 8
 Periodic GC: Disabled
Heap:
 garbage-first heap   total 137216K, used 73735K [0x0000000700000000, 0x0000000800000000)
  region size 2048K, 2 young (4096K), 2 survivors (4096K)
 Metaspace       used 77035K, committed 77696K, reserved 1179648K
  class space    used 10379K, committed 10688K, reserved 1048576K
GC Heap History (20 events):
Event: 21.583 GC heap after
{Heap after GC invocations=22 (full 0):
 garbage-first heap   total 75776K, used 45392K [0x0000000700000000, 0x0000000800000000)
  region size 2048K, 2 young (4096K), 2 survivors (4096K)
 Metaspace       used 63973K, committed 64448K, reserved 1114112K
  class space    used 8781K, committed 9024K, reserved 1048576K
}
Event: 21.816 GC heap before
{Heap before GC invocations=23 (full 0):
 garbage-first heap   total 86016K, used 51536K [0x0000000700000000, 0x0000000800000000)
  region size 2048K, 5 young (10240K), 2 survivors (4096K)
 Metaspace       used 63984K, committed 64512K, reserved 1114112K
  class space    used 8781K, committed 9024K, reserved 1048576K
}
Event: 21.823 GC heap after
{Heap after GC invocations=24 (full 0):
 garbage-first heap   total 86016K, used 50929K [0x0000000700000000, 0x0000000800000000)
  region size 2048K, 2 young (4096K), 2 survivors (4096K)
 Metaspace       used 63984K, committed 64512K, reserved 1114112K
  class space    used 8781K, committed 9024K, reserved 1048576K
}
Event: 22.015 GC heap before
{Heap before GC invocations=25 (full 0):
 garbage-first heap   total 96256K, used 57073K [0x0000000700000000, 0x0000000800000000)
  region size 2048K, 5 young (10240K), 2 survivors (4096K)
 Metaspace       used 63984K, committed 64512K, reserved 1114112K
  class space    used 8781K, committed 9024K, reserved 1048576K
}
Event: 22.021 GC heap after
{Heap after GC invocations=26 (full 0):
 garbage-first heap   total 96256K, used 58021K [0x0000000700000000, 0x0000000800000000)
  region size 2048K, 1 young (2048K), 1 survivors (2048K)
 Metaspace       used 63984K, committed 64512K, reserved 1114112K
  class space    used 8781K, committed 9024K, reserved 1048576K
}
Event: 22.392 GC heap before
{Heap before GC invocations=27 (full 0):
 garbage-first heap   total 106496K, used 70309K [0x0000000700000000, 0x0000000800000000)
  region size 2048K, 6 young (12288K), 1 survivors (2048K)
 Metaspace       used 64486K, committed 65088K, reserved 1114112K
  class space    used 8848K, committed 9152K, reserved 1048576K
}
Event: 22.397 GC heap after
{Heap after GC invocations=28 (full 0):
 garbage-first heap   total 106496K, used 61660K [0x0000000700000000, 0x0000000800000000)
  region size 2048K, 1 young (2048K), 1 survivors (2048K)
 Metaspace       used 64486K, committed 65088K, reserved 1114112K
  class space    used 8848K, committed 9152K, reserved 1048576K
}
Event: 22.767 GC heap before
{Heap before GC invocations=28 (full 0):
 garbage-first heap   total 106496K, used 71900K [0x0000000700000000, 0x0000000800000000)
  region size 2048K, 7 young (14336K), 1 survivors (2048K)
 Metaspace       used 64797K, committed 65408K, reserved 1114112K
  class space    used 8871K, committed 9152K, reserved 1048576K
}
Event: 22.773 GC heap after
{Heap after GC invocations=29 (full 0):
 garbage-first heap   total 106496K, used 63734K [0x0000000700000000, 0x0000000800000000)
  region size 2048K, 1 young (2048K), 1 survivors (2048K)
 Metaspace       used 64797K, committed 65408K, reserved 1114112K
  class space    used 8871K, committed 9152K, reserved 1048576K
}
Event: 23.107 GC heap before
{Heap before GC invocations=30 (full 0):
 garbage-first heap   total 116736K, used 73974K [0x0000000700000000, 0x0000000800000000)
  region size 2048K, 7 young (14336K), 1 survivors (2048K)
 Metaspace       used 65645K, committed 66304K, reserved 1114112K
  class space    used 8975K, committed 9280K, reserved 1048576K
}
Event: 23.114 GC heap after
{Heap after GC invocations=31 (full 0):
 garbage-first heap   total 116736K, used 65087K [0x0000000700000000, 0x0000000800000000)
  region size 2048K, 1 young (2048K), 1 survivors (2048K)
 Metaspace       used 65645K, committed 66304K, reserved 1114112K
  class space    used 8975K, committed 9280K, reserved 1048576K
}
Event: 23.545 GC heap before
{Heap before GC invocations=31 (full 0):
 garbage-first heap   total 116736K, used 83519K [0x0000000700000000, 0x0000000800000000)
  region size 2048K, 10 young (20480K), 1 survivors (2048K)
 Metaspace       used 67840K, committed 68544K, reserved 1114112K
  class space    used 9281K, committed 9600K, reserved 1048576K
}
Event: 23.549 GC heap after
{Heap after GC invocations=32 (full 0):
 garbage-first heap   total 116736K, used 65523K [0x0000000700000000, 0x0000000800000000)
  region size 2048K, 1 young (2048K), 1 survivors (2048K)
 Metaspace       used 67840K, committed 68544K, reserved 1114112K
  class space    used 9281K, committed 9600K, reserved 1048576K
}
Event: 24.109 GC heap before
{Heap before GC invocations=33 (full 0):
 garbage-first heap   total 116736K, used 83955K [0x0000000700000000, 0x0000000800000000)
  region size 2048K, 11 young (22528K), 1 survivors (2048K)
 Metaspace       used 71043K, committed 71680K, reserved 1114112K
  class space    used 9651K, committed 9920K, reserved 1048576K
}
Event: 24.114 GC heap after
{Heap after GC invocations=34 (full 0):
 garbage-first heap   total 116736K, used 66295K [0x0000000700000000, 0x0000000800000000)
  region size 2048K, 2 young (4096K), 2 survivors (4096K)
 Metaspace       used 71043K, committed 71680K, reserved 1114112K
  class space    used 9651K, committed 9920K, reserved 1048576K
}
Event: 24.766 GC heap before
{Heap before GC invocations=34 (full 0):
 garbage-first heap   total 116736K, used 84727K [0x0000000700000000, 0x0000000800000000)
  region size 2048K, 12 young (24576K), 2 survivors (4096K)
 Metaspace       used 73527K, committed 74176K, reserved 1114112K
  class space    used 9941K, committed 10240K, reserved 1048576K
}
Event: 24.776 GC heap after
{Heap after GC invocations=35 (full 0):
 garbage-first heap   total 116736K, used 71183K [0x0000000700000000, 0x0000000800000000)
  region size 2048K, 2 young (4096K), 2 survivors (4096K)
 Metaspace       used 73527K, committed 74176K, reserved 1114112K
  class space    used 9941K, committed 10240K, reserved 1048576K
}
Event: 25.161 GC heap before
{Heap before GC invocations=36 (full 0):
 garbage-first heap   total 137216K, used 87567K [0x0000000700000000, 0x0000000800000000)
  region size 2048K, 11 young (22528K), 2 survivors (4096K)
 Metaspace       used 74585K, committed 75328K, reserved 1114112K
  class space    used 10094K, committed 10432K, reserved 1048576K
}
Event: 25.170 GC heap after
{Heap after GC invocations=37 (full 0):
 garbage-first heap   total 137216K, used 71152K [0x0000000700000000, 0x0000000800000000)
  region size 2048K, 1 young (2048K), 1 survivors (2048K)
 Metaspace       used 74585K, committed 75328K, reserved 1114112K
  class space    used 10094K, committed 10432K, reserved 1048576K
}
Event: 25.789 GC heap before
{Heap before GC invocations=37 (full 0):
 garbage-first heap   total 137216K, used 99824K [0x0000000700000000, 0x0000000800000000)
  region size 2048K, 16 young (32768K), 1 survivors (2048K)
 Metaspace       used 77035K, committed 77696K, reserved 1179648K
  class space    used 10379K, committed 10688K, reserved 1048576K
}

