# JRE version: OpenJDK Runtime Environment (17.0.10) (build 17.0.10+0--11572160)
# Java VM: OpenJDK 64-Bit Server VM (17.0.10+0--11572160, mixed mode, tiered, compressed oops, compressed class ptrs, g1 gc, windows-amd64)
GC Precious Log:
 CPUs: 8 total, 8 available
 Memory: 8133M
 Large Page Support: Disabled
 NUMA Support: Disabled
 Compressed Oops: Enabled (Zero based)
 Heap Region Size: 2M
 Heap Min Capacity: 8M
 Heap Initial Capacity: 128M
 Heap Max Capacity: 4G
 Pre-touch: Disabled
 Parallel Workers: 8
 Concurrent Workers: 2
 Concurrent Refinement Workers: 8
 Periodic GC: Disabled
Heap:
 garbage-first heap   total 448512K, used 331199K [0x0000000700000000, 0x0000000800000000)
  region size 2048K, 8 young (16384K), 4 survivors (8192K)
 Metaspace       used 117177K, committed 119168K, reserved 1179648K
  class space    used 16196K, committed 17024K, reserved 1048576K
GC Heap History (20 events):
Event: 133.195 GC heap before
{Heap before GC invocations=70 (full 0):
 garbage-first heap   total 288768K, used 213025K [0x0000000700000000, 0x0000000800000000)
  region size 2048K, 5 young (10240K), 3 survivors (6144K)
 Metaspace       used 105425K, committed 107008K, reserved 1179648K
  class space    used 14561K, committed 15232K, reserved 1048576K
}
Event: 133.204 GC heap after
{Heap after GC invocations=71 (full 0):
 garbage-first heap   total 288768K, used 213688K [0x0000000700000000, 0x0000000800000000)
  region size 2048K, 2 young (4096K), 2 survivors (4096K)
 Metaspace       used 105425K, committed 107008K, reserved 1179648K
  class space    used 14561K, committed 15232K, reserved 1048576K
}
Event: 134.324 GC heap before
{Heap before GC invocations=72 (full 0):
 garbage-first heap   total 372736K, used 238264K [0x0000000700000000, 0x0000000800000000)
  region size 2048K, 12 young (24576K), 2 survivors (4096K)
 Metaspace       used 105556K, committed 107200K, reserved 1179648K
  class space    used 14580K, committed 15296K, reserved 1048576K
}
Event: 134.335 GC heap after
{Heap after GC invocations=73 (full 0):
 garbage-first heap   total 372736K, used 221112K [0x0000000700000000, 0x0000000800000000)
  region size 2048K, 2 young (4096K), 2 survivors (4096K)
 Metaspace       used 105556K, committed 107200K, reserved 1179648K
  class space    used 14580K, committed 15296K, reserved 1048576K
}
Event: 134.881 GC heap before
{Heap before GC invocations=73 (full 0):
 garbage-first heap   total 372736K, used 235448K [0x0000000700000000, 0x0000000800000000)
  region size 2048K, 9 young (18432K), 2 survivors (4096K)
 Metaspace       used 105603K, committed 107264K, reserved 1179648K
  class space    used 14585K, committed 15296K, reserved 1048576K
}
Event: 134.892 GC heap after
{Heap after GC invocations=74 (full 0):
 garbage-first heap   total 372736K, used 222074K [0x0000000700000000, 0x0000000800000000)
  region size 2048K, 2 young (4096K), 2 survivors (4096K)
 Metaspace       used 105603K, committed 107264K, reserved 1179648K
  class space    used 14585K, committed 15296K, reserved 1048576K
}
Event: 136.706 GC heap before
{Heap before GC invocations=74 (full 0):
 garbage-first heap   total 372736K, used 279418K [0x0000000700000000, 0x0000000800000000)
  region size 2048K, 30 young (61440K), 2 survivors (4096K)
 Metaspace       used 106088K, committed 107840K, reserved 1179648K
  class space    used 14661K, committed 15424K, reserved 1048576K
}
Event: 136.727 GC heap after
{Heap after GC invocations=75 (full 0):
 garbage-first heap   total 372736K, used 232066K [0x0000000700000000, 0x0000000800000000)
  region size 2048K, 4 young (8192K), 4 survivors (8192K)
 Metaspace       used 106088K, committed 107840K, reserved 1179648K
  class space    used 14661K, committed 15424K, reserved 1048576K
}
Event: 138.125 GC heap before
{Heap before GC invocations=75 (full 0):
 garbage-first heap   total 372736K, used 287362K [0x0000000700000000, 0x0000000800000000)
  region size 2048K, 32 young (65536K), 4 survivors (8192K)
 Metaspace       used 107114K, committed 108864K, reserved 1179648K
  class space    used 14803K, committed 15552K, reserved 1048576K
}
Event: 138.153 GC heap after
{Heap after GC invocations=76 (full 0):
 garbage-first heap   total 372736K, used 245759K [0x0000000700000000, 0x0000000800000000)
  region size 2048K, 4 young (8192K), 4 survivors (8192K)
 Metaspace       used 107114K, committed 108864K, reserved 1179648K
  class space    used 14803K, committed 15552K, reserved 1048576K
}
Event: 140.124 GC heap before
{Heap before GC invocations=76 (full 0):
 garbage-first heap   total 372736K, used 294911K [0x0000000700000000, 0x0000000800000000)
  region size 2048K, 28 young (57344K), 4 survivors (8192K)
 Metaspace       used 109185K, committed 110976K, reserved 1179648K
  class space    used 15071K, committed 15808K, reserved 1048576K
}
Event: 140.154 GC heap after
{Heap after GC invocations=77 (full 0):
 garbage-first heap   total 448512K, used 256271K [0x0000000700000000, 0x0000000800000000)
  region size 2048K, 4 young (8192K), 4 survivors (8192K)
 Metaspace       used 109185K, committed 110976K, reserved 1179648K
  class space    used 15071K, committed 15808K, reserved 1048576K
}
Event: 143.499 GC heap before
{Heap before GC invocations=77 (full 0):
 garbage-first heap   total 448512K, used 348431K [0x0000000700000000, 0x0000000800000000)
  region size 2048K, 49 young (100352K), 4 survivors (8192K)
 Metaspace       used 110218K, committed 112000K, reserved 1179648K
  class space    used 15173K, committed 15936K, reserved 1048576K
}
Event: 143.558 GC heap after
{Heap after GC invocations=78 (full 0):
 garbage-first heap   total 448512K, used 283855K [0x0000000700000000, 0x0000000800000000)
  region size 2048K, 7 young (14336K), 7 survivors (14336K)
 Metaspace       used 110218K, committed 112000K, reserved 1179648K
  class space    used 15173K, committed 15936K, reserved 1048576K
}
Event: 146.247 GC heap before
{Heap before GC invocations=78 (full 0):
 garbage-first heap   total 448512K, used 347343K [0x0000000700000000, 0x0000000800000000)
  region size 2048K, 38 young (77824K), 7 survivors (14336K)
 Metaspace       used 115312K, committed 117120K, reserved 1179648K
  class space    used 15903K, committed 16640K, reserved 1048576K
}
Event: 146.284 GC heap after
{Heap after GC invocations=79 (full 0):
 garbage-first heap   total 448512K, used 296693K [0x0000000700000000, 0x0000000800000000)
  region size 2048K, 5 young (10240K), 5 survivors (10240K)
 Metaspace       used 115312K, committed 117120K, reserved 1179648K
  class space    used 15903K, committed 16640K, reserved 1048576K
}
Event: 148.084 GC heap before
{Heap before GC invocations=79 (full 0):
 garbage-first heap   total 448512K, used 358133K [0x0000000700000000, 0x0000000800000000)
  region size 2048K, 35 young (71680K), 5 survivors (10240K)
 Metaspace       used 115914K, committed 117888K, reserved 1179648K
  class space    used 16017K, committed 16832K, reserved 1048576K
}
Event: 148.136 GC heap after
{Heap after GC invocations=80 (full 0):
 garbage-first heap   total 448512K, used 315785K [0x0000000700000000, 0x0000000800000000)
  region size 2048K, 5 young (10240K), 5 survivors (10240K)
 Metaspace       used 115914K, committed 117888K, reserved 1179648K
  class space    used 16017K, committed 16832K, reserved 1048576K
}
Event: 149.266 GC heap before
{Heap before GC invocations=80 (full 0):
 garbage-first heap   total 448512K, used 364937K [0x0000000700000000, 0x0000000800000000)
  region size 2048K, 29 young (59392K), 5 survivors (10240K)
 Metaspace       used 117048K, committed 119104K, reserved 1179648K
  class space    used 16181K, committed 17024K, reserved 1048576K
}
Event: 149.295 GC heap after
{Heap after GC invocations=81 (full 0):
 garbage-first heap   total 448512K, used 325055K [0x0000000700000000, 0x0000000800000000)
  region size 2048K, 4 young (8192K), 4 survivors (8192K)
 Metaspace       used 117048K, committed 119104K, reserved 1179648K
  class space    used 16181K, committed 17024K, reserved 1048576K
}

