# JRE version: OpenJDK Runtime Environment (17.0.10) (build 17.0.10+0--11572160)
# Java VM: OpenJDK 64-Bit Server VM (17.0.10+0--11572160, mixed mode, tiered, compressed oops, compressed class ptrs, g1 gc, windows-amd64)
GC Precious Log:
 CPUs: 8 total, 8 available
 Memory: 8133M
 Large Page Support: Disabled
 NUMA Support: Disabled
 Compressed Oops: Enabled (Zero based)
 Heap Region Size: 2M
 Heap Min Capacity: 8M
 Heap Initial Capacity: 128M
 Heap Max Capacity: 4G
 Pre-touch: Disabled
 Parallel Workers: 8
 Concurrent Workers: 2
 Concurrent Refinement Workers: 8
 Periodic GC: Disabled
Heap:
 garbage-first heap   total 112640K, used 73905K [0x0000000700000000, 0x0000000800000000)
  region size 2048K, 6 young (12288K), 1 survivors (2048K)
 Metaspace       used 67741K, committed 68416K, reserved 1114112K
  class space    used 9271K, committed 9536K, reserved 1048576K
GC Heap History (20 events):
Event: 20.104 GC heap before
{Heap before GC invocations=13 (full 0):
 garbage-first heap   total 96256K, used 73353K [0x0000000700000000, 0x0000000800000000)
  region size 2048K, 22 young (45056K), 2 survivors (4096K)
 Metaspace       used 52708K, committed 53184K, reserved 1114112K
  class space    used 7095K, committed 7296K, reserved 1048576K
}
Event: 20.115 GC heap after
{Heap after GC invocations=14 (full 0):
 garbage-first heap   total 96256K, used 34960K [0x0000000700000000, 0x0000000800000000)
  region size 2048K, 3 young (6144K), 3 survivors (6144K)
 Metaspace       used 52708K, committed 53184K, reserved 1114112K
  class space    used 7095K, committed 7296K, reserved 1048576K
}
Event: 22.505 GC heap before
{Heap before GC invocations=14 (full 0):
 garbage-first heap   total 96256K, used 73872K [0x0000000700000000, 0x0000000800000000)
  region size 2048K, 22 young (45056K), 3 survivors (6144K)
 Metaspace       used 57358K, committed 57856K, reserved 1114112K
  class space    used 7729K, committed 7936K, reserved 1048576K
}
Event: 22.516 GC heap after
{Heap after GC invocations=15 (full 0):
 garbage-first heap   total 96256K, used 37092K [0x0000000700000000, 0x0000000800000000)
  region size 2048K, 3 young (6144K), 3 survivors (6144K)
 Metaspace       used 57358K, committed 57856K, reserved 1114112K
  class space    used 7729K, committed 7936K, reserved 1048576K
}
Event: 25.184 GC heap before
{Heap before GC invocations=15 (full 0):
 garbage-first heap   total 96256K, used 53476K [0x0000000700000000, 0x0000000800000000)
  region size 2048K, 12 young (24576K), 3 survivors (6144K)
 Metaspace       used 59654K, committed 60160K, reserved 1114112K
  class space    used 8070K, committed 8320K, reserved 1048576K
}
Event: 25.193 GC heap after
{Heap after GC invocations=16 (full 0):
 garbage-first heap   total 96256K, used 38079K [0x0000000700000000, 0x0000000800000000)
  region size 2048K, 2 young (4096K), 2 survivors (4096K)
 Metaspace       used 59654K, committed 60160K, reserved 1114112K
  class space    used 8070K, committed 8320K, reserved 1048576K
}
Event: 27.353 GC heap before
{Heap before GC invocations=17 (full 0):
 garbage-first heap   total 96256K, used 72895K [0x0000000700000000, 0x0000000800000000)
  region size 2048K, 20 young (40960K), 2 survivors (4096K)
 Metaspace       used 63050K, committed 63616K, reserved 1114112K
  class space    used 8693K, committed 8960K, reserved 1048576K
}
Event: 27.362 GC heap after
{Heap after GC invocations=18 (full 0):
 garbage-first heap   total 96256K, used 41685K [0x0000000700000000, 0x0000000800000000)
  region size 2048K, 3 young (6144K), 3 survivors (6144K)
 Metaspace       used 63050K, committed 63616K, reserved 1114112K
  class space    used 8693K, committed 8960K, reserved 1048576K
}
Event: 30.235 GC heap before
{Heap before GC invocations=18 (full 0):
 garbage-first heap   total 96256K, used 76501K [0x0000000700000000, 0x0000000800000000)
  region size 2048K, 20 young (40960K), 3 survivors (6144K)
 Metaspace       used 63988K, committed 64512K, reserved 1114112K
  class space    used 8783K, committed 9024K, reserved 1048576K
}
Event: 30.247 GC heap after
{Heap after GC invocations=19 (full 0):
 garbage-first heap   total 96256K, used 49913K [0x0000000700000000, 0x0000000800000000)
  region size 2048K, 3 young (6144K), 3 survivors (6144K)
 Metaspace       used 63988K, committed 64512K, reserved 1114112K
  class space    used 8783K, committed 9024K, reserved 1048576K
}
Event: 30.291 GC heap before
{Heap before GC invocations=19 (full 0):
 garbage-first heap   total 96256K, used 49913K [0x0000000700000000, 0x0000000800000000)
  region size 2048K, 4 young (8192K), 3 survivors (6144K)
 Metaspace       used 63998K, committed 64512K, reserved 1114112K
  class space    used 8783K, committed 9024K, reserved 1048576K
}
Event: 30.298 GC heap after
{Heap after GC invocations=20 (full 0):
 garbage-first heap   total 96256K, used 51642K [0x0000000700000000, 0x0000000800000000)
  region size 2048K, 1 young (2048K), 1 survivors (2048K)
 Metaspace       used 63998K, committed 64512K, reserved 1114112K
  class space    used 8783K, committed 9024K, reserved 1048576K
}
Event: 30.454 GC heap before
{Heap before GC invocations=21 (full 0):
 garbage-first heap   total 100352K, used 59834K [0x0000000700000000, 0x0000000800000000)
  region size 2048K, 4 young (8192K), 1 survivors (2048K)
 Metaspace       used 63998K, committed 64512K, reserved 1114112K
  class space    used 8783K, committed 9024K, reserved 1048576K
}
Event: 30.458 GC heap after
{Heap after GC invocations=22 (full 0):
 garbage-first heap   total 100352K, used 57859K [0x0000000700000000, 0x0000000800000000)
  region size 2048K, 2 young (4096K), 2 survivors (4096K)
 Metaspace       used 63998K, committed 64512K, reserved 1114112K
  class space    used 8783K, committed 9024K, reserved 1048576K
}
Event: 30.930 GC heap before
{Heap before GC invocations=23 (full 0):
 garbage-first heap   total 106496K, used 74243K [0x0000000700000000, 0x0000000800000000)
  region size 2048K, 9 young (18432K), 2 survivors (4096K)
 Metaspace       used 64609K, committed 65216K, reserved 1114112K
  class space    used 8865K, committed 9152K, reserved 1048576K
}
Event: 30.938 GC heap after
{Heap after GC invocations=24 (full 0):
 garbage-first heap   total 106496K, used 63371K [0x0000000700000000, 0x0000000800000000)
  region size 2048K, 2 young (4096K), 2 survivors (4096K)
 Metaspace       used 64609K, committed 65216K, reserved 1114112K
  class space    used 8865K, committed 9152K, reserved 1048576K
}
Event: 31.379 GC heap before
{Heap before GC invocations=24 (full 0):
 garbage-first heap   total 106496K, used 77707K [0x0000000700000000, 0x0000000800000000)
  region size 2048K, 9 young (18432K), 2 survivors (4096K)
 Metaspace       used 64984K, committed 65600K, reserved 1114112K
  class space    used 8898K, committed 9152K, reserved 1048576K
}
Event: 31.386 GC heap after
{Heap after GC invocations=25 (full 0):
 garbage-first heap   total 106496K, used 64994K [0x0000000700000000, 0x0000000800000000)
  region size 2048K, 1 young (2048K), 1 survivors (2048K)
 Metaspace       used 64984K, committed 65600K, reserved 1114112K
  class space    used 8898K, committed 9152K, reserved 1048576K
}
Event: 31.863 GC heap before
{Heap before GC invocations=26 (full 0):
 garbage-first heap   total 112640K, used 79330K [0x0000000700000000, 0x0000000800000000)
  region size 2048K, 8 young (16384K), 1 survivors (2048K)
 Metaspace       used 66641K, committed 67328K, reserved 1114112K
  class space    used 9113K, committed 9408K, reserved 1048576K
}
Event: 31.869 GC heap after
{Heap after GC invocations=27 (full 0):
 garbage-first heap   total 112640K, used 65713K [0x0000000700000000, 0x0000000800000000)
  region size 2048K, 1 young (2048K), 1 survivors (2048K)
 Metaspace       used 66641K, committed 67328K, reserved 1114112K
  class space    used 9113K, committed 9408K, reserved 1048576K
}

